<?xml version="1.0" encoding="UTF-8"?>
<robot generator="Robot 3.2.2 (Python 3.9.1 on win32)" generated="20210119 17:18:55.543" rpa="false">
<suite id="s1" name="OpenEmrproject" source="C:\robot\OpenEmrproject">
<suite id="s1-s1" name="Login Suite" source="C:\robot\OpenEmrproject\login_suite">
<suite id="s1-s1-s1" name="Verify Invalid Credentials" source="C:\robot\OpenEmrproject\login_suite\verify_invalid_credentials.robot">
<test id="s1-s1-s1-t1" name="TC1">
<kw name="Launch Browser" library="common_functionality" type="setup">
<kw name="Log To Console" library="BuiltIn">
<doc>Logs the given message to the console.</doc>
<arguments>
<arg>${OUTPUT_DIR}${/}driver</arg>
</arguments>
<status status="PASS" starttime="20210119 17:19:05.283" endtime="20210119 17:19:05.283"></status>
</kw>
<kw name="Append To Environment Variable" library="OperatingSystem">
<doc>Appends given ``values`` to environment variable ``name``.</doc>
<arguments>
<arg>Path</arg>
<arg>${OUTPUT_DIR}${/}driver</arg>
</arguments>
<msg timestamp="20210119 17:19:05.284" level="INFO">Environment variable 'Path' set to value 'C:/Users/CTEA/.p2/pool/plugins/org.eclipse.justj.openjdk.hotspot.jre.full.win32.x86_64_15.0.1.v20201027-0507/jre/bin/server;C:/Users/CTEA/.p2/pool/plugins/org.eclipse.justj.openjdk.hotspot.jre.full.win32.x86_64_15.0.1.v20201027-0507/jre/bin;C:\Program Files (x86)\Common Files\Oracle\Java\javapath;C:\WINDOWS\system32;C:\WINDOWS;C:\WINDOWS\System32\Wbem;C:\WINDOWS\System32\WindowsPowerShell\v1.0\;C:\WINDOWS\System32\OpenSSH\;C:\Program Files\Git\cmd;C:\Program Files (x86)\Groovy\bin;C:\python\Scripts\;C:\python\;C:\Users\CTEA\AppData\Local\Programs\Microsoft VS Code\bin;C:\Users\CTEA\AppData\Local\Microsoft\WindowsApps;C:\xampp\mysql\bin;C:\Program Files\Java\jdk1.8.0_271\bin;C:\Program Files\Java\jre1.8.0_271\bin;C:\Program Files (x86)\Groovy\bin;;C:\WINDOWS\system32;;C:\robot\OpenEmrproject\driver'.</msg>
<status status="PASS" starttime="20210119 17:19:05.284" endtime="20210119 17:19:05.285"></status>
</kw>
<kw name="Open Browser" library="SeleniumLibrary">
<doc>Opens a new browser instance to the optional ``url``.</doc>
<arguments>
<arg>browser=${BrOWSER_NAME}</arg>
</arguments>
<msg timestamp="20210119 17:19:05.286" level="INFO">Opening browser 'ff' to base url 'None'.</msg>
<msg timestamp="20210119 17:19:05.306" level="INFO">Firefox driver log is always forced to to: C:\robot\OpenEmrproject\geckodriver-1.log</msg>
<status status="PASS" starttime="20210119 17:19:05.285" endtime="20210119 17:19:27.798"></status>
</kw>
<kw name="Maximize Browser Window" library="SeleniumLibrary">
<doc>Maximizes current browser window.</doc>
<status status="PASS" starttime="20210119 17:19:27.799" endtime="20210119 17:19:28.081"></status>
</kw>
<kw name="Set Selenium Implicit Wait" library="SeleniumLibrary">
<doc>Sets the implicit wait value used by Selenium.</doc>
<arguments>
<arg>30s</arg>
</arguments>
<status status="PASS" starttime="20210119 17:19:28.082" endtime="20210119 17:19:28.089"></status>
</kw>
<kw name="Open Browser" library="SeleniumLibrary">
<doc>Opens a new browser instance to the optional ``url``.</doc>
<arguments>
<arg>${URL}</arg>
</arguments>
<msg timestamp="20210119 17:19:28.091" level="INFO">Opening browser 'firefox' to base url 'http://demo.openemr.io/b/openemr/interface/login/login.php?site=default'.</msg>
<msg timestamp="20210119 17:19:28.092" level="INFO">Firefox driver log is always forced to to: C:\robot\OpenEmrproject\geckodriver-2.log</msg>
<status status="PASS" starttime="20210119 17:19:28.090" endtime="20210119 17:19:50.608"></status>
</kw>
<status status="PASS" starttime="20210119 17:19:05.281" endtime="20210119 17:19:50.608"></status>
</kw>
<kw name="verify_invalid_credentials_Template">
<arguments>
<arg>admin</arg>
<arg>pass</arg>
<arg>English(Indian)</arg>
<arg>Invalid username or password</arg>
</arguments>
<msg timestamp="20210119 17:19:50.616" level="FAIL">No keyword with name 'verify_invalid_credentials_Template' found.</msg>
<status status="FAIL" starttime="20210119 17:19:50.614" endtime="20210119 17:19:50.616"></status>
</kw>
<kw name="End Browser" library="common_functionality" type="teardown">
<kw name="Close Browser" library="SeleniumLibrary">
<doc>Closes the current browser.</doc>
<status status="PASS" starttime="20210119 17:19:50.617" endtime="20210119 17:19:52.826"></status>
</kw>
<status status="PASS" starttime="20210119 17:19:50.617" endtime="20210119 17:19:52.827"></status>
</kw>
<status status="FAIL" starttime="20210119 17:19:05.280" endtime="20210119 17:19:52.827" critical="yes">No keyword with name 'verify_invalid_credentials_Template' found.</status>
</test>
<test id="s1-s1-s1-t2" name="TC2">
<kw name="Launch Browser" library="common_functionality" type="setup">
<kw name="Log To Console" library="BuiltIn">
<doc>Logs the given message to the console.</doc>
<arguments>
<arg>${OUTPUT_DIR}${/}driver</arg>
</arguments>
<status status="PASS" starttime="20210119 17:19:52.830" endtime="20210119 17:19:52.831"></status>
</kw>
<kw name="Append To Environment Variable" library="OperatingSystem">
<doc>Appends given ``values`` to environment variable ``name``.</doc>
<arguments>
<arg>Path</arg>
<arg>${OUTPUT_DIR}${/}driver</arg>
</arguments>
<msg timestamp="20210119 17:19:52.832" level="INFO">Environment variable 'Path' set to value 'C:/Users/CTEA/.p2/pool/plugins/org.eclipse.justj.openjdk.hotspot.jre.full.win32.x86_64_15.0.1.v20201027-0507/jre/bin/server;C:/Users/CTEA/.p2/pool/plugins/org.eclipse.justj.openjdk.hotspot.jre.full.win32.x86_64_15.0.1.v20201027-0507/jre/bin;C:\Program Files (x86)\Common Files\Oracle\Java\javapath;C:\WINDOWS\system32;C:\WINDOWS;C:\WINDOWS\System32\Wbem;C:\WINDOWS\System32\WindowsPowerShell\v1.0\;C:\WINDOWS\System32\OpenSSH\;C:\Program Files\Git\cmd;C:\Program Files (x86)\Groovy\bin;C:\python\Scripts\;C:\python\;C:\Users\CTEA\AppData\Local\Programs\Microsoft VS Code\bin;C:\Users\CTEA\AppData\Local\Microsoft\WindowsApps;C:\xampp\mysql\bin;C:\Program Files\Java\jdk1.8.0_271\bin;C:\Program Files\Java\jre1.8.0_271\bin;C:\Program Files (x86)\Groovy\bin;;C:\WINDOWS\system32;;C:\robot\OpenEmrproject\driver;C:\robot\OpenEmrproject\driver'.</msg>
<status status="PASS" starttime="20210119 17:19:52.831" endtime="20210119 17:19:52.832"></status>
</kw>
<kw name="Open Browser" library="SeleniumLibrary">
<doc>Opens a new browser instance to the optional ``url``.</doc>
<arguments>
<arg>browser=${BrOWSER_NAME}</arg>
</arguments>
<msg timestamp="20210119 17:19:52.833" level="INFO">Opening browser 'ff' to base url 'None'.</msg>
<msg timestamp="20210119 17:19:52.835" level="INFO">Firefox driver log is always forced to to: C:\robot\OpenEmrproject\geckodriver-3.log</msg>
<status status="PASS" starttime="20210119 17:19:52.833" endtime="20210119 17:20:01.203"></status>
</kw>
<kw name="Maximize Browser Window" library="SeleniumLibrary">
<doc>Maximizes current browser window.</doc>
<status status="PASS" starttime="20210119 17:20:01.204" endtime="20210119 17:20:01.468"></status>
</kw>
<kw name="Set Selenium Implicit Wait" library="SeleniumLibrary">
<doc>Sets the implicit wait value used by Selenium.</doc>
<arguments>
<arg>30s</arg>
</arguments>
<status status="PASS" starttime="20210119 17:20:01.469" endtime="20210119 17:20:01.479"></status>
</kw>
<kw name="Open Browser" library="SeleniumLibrary">
<doc>Opens a new browser instance to the optional ``url``.</doc>
<arguments>
<arg>${URL}</arg>
</arguments>
<msg timestamp="20210119 17:20:01.480" level="INFO">Opening browser 'firefox' to base url 'http://demo.openemr.io/b/openemr/interface/login/login.php?site=default'.</msg>
<msg timestamp="20210119 17:20:01.482" level="INFO">Firefox driver log is always forced to to: C:\robot\OpenEmrproject\geckodriver-4.log</msg>
<status status="PASS" starttime="20210119 17:20:01.479" endtime="20210119 17:20:15.523"></status>
</kw>
<status status="PASS" starttime="20210119 17:19:52.829" endtime="20210119 17:20:15.524"></status>
</kw>
<kw name="verify_invalid_credentials_Template">
<arguments>
<arg>physician</arg>
<arg>English(Indian)</arg>
<arg>Invalid username or password</arg>
</arguments>
<msg timestamp="20210119 17:20:15.538" level="FAIL">No keyword with name 'verify_invalid_credentials_Template' found.</msg>
<status status="FAIL" starttime="20210119 17:20:15.532" endtime="20210119 17:20:15.538"></status>
</kw>
<kw name="End Browser" library="common_functionality" type="teardown">
<kw name="Close Browser" library="SeleniumLibrary">
<doc>Closes the current browser.</doc>
<status status="PASS" starttime="20210119 17:20:15.540" endtime="20210119 17:20:20.004"></status>
</kw>
<status status="PASS" starttime="20210119 17:20:15.539" endtime="20210119 17:20:20.005"></status>
</kw>
<status status="FAIL" starttime="20210119 17:19:52.828" endtime="20210119 17:20:20.006" critical="yes">No keyword with name 'verify_invalid_credentials_Template' found.</status>
</test>
<test id="s1-s1-s1-t3" name="Tc3">
<kw name="Launch Browser" library="common_functionality" type="setup">
<kw name="Log To Console" library="BuiltIn">
<doc>Logs the given message to the console.</doc>
<arguments>
<arg>${OUTPUT_DIR}${/}driver</arg>
</arguments>
<status status="PASS" starttime="20210119 17:20:20.009" endtime="20210119 17:20:20.009"></status>
</kw>
<kw name="Append To Environment Variable" library="OperatingSystem">
<doc>Appends given ``values`` to environment variable ``name``.</doc>
<arguments>
<arg>Path</arg>
<arg>${OUTPUT_DIR}${/}driver</arg>
</arguments>
<msg timestamp="20210119 17:20:20.010" level="INFO">Environment variable 'Path' set to value 'C:/Users/CTEA/.p2/pool/plugins/org.eclipse.justj.openjdk.hotspot.jre.full.win32.x86_64_15.0.1.v20201027-0507/jre/bin/server;C:/Users/CTEA/.p2/pool/plugins/org.eclipse.justj.openjdk.hotspot.jre.full.win32.x86_64_15.0.1.v20201027-0507/jre/bin;C:\Program Files (x86)\Common Files\Oracle\Java\javapath;C:\WINDOWS\system32;C:\WINDOWS;C:\WINDOWS\System32\Wbem;C:\WINDOWS\System32\WindowsPowerShell\v1.0\;C:\WINDOWS\System32\OpenSSH\;C:\Program Files\Git\cmd;C:\Program Files (x86)\Groovy\bin;C:\python\Scripts\;C:\python\;C:\Users\CTEA\AppData\Local\Programs\Microsoft VS Code\bin;C:\Users\CTEA\AppData\Local\Microsoft\WindowsApps;C:\xampp\mysql\bin;C:\Program Files\Java\jdk1.8.0_271\bin;C:\Program Files\Java\jre1.8.0_271\bin;C:\Program Files (x86)\Groovy\bin;;C:\WINDOWS\system32;;C:\robot\OpenEmrproject\driver;C:\robot\OpenEmrproject\driver;C:\robot\OpenEmrproject\driver'.</msg>
<status status="PASS" starttime="20210119 17:20:20.010" endtime="20210119 17:20:20.010"></status>
</kw>
<kw name="Open Browser" library="SeleniumLibrary">
<doc>Opens a new browser instance to the optional ``url``.</doc>
<arguments>
<arg>browser=${BrOWSER_NAME}</arg>
</arguments>
<msg timestamp="20210119 17:20:20.011" level="INFO">Opening browser 'ff' to base url 'None'.</msg>
<msg timestamp="20210119 17:20:20.019" level="INFO">Firefox driver log is always forced to to: C:\robot\OpenEmrproject\geckodriver-5.log</msg>
<status status="PASS" starttime="20210119 17:20:20.011" endtime="20210119 17:20:29.473"></status>
</kw>
<kw name="Maximize Browser Window" library="SeleniumLibrary">
<doc>Maximizes current browser window.</doc>
<status status="PASS" starttime="20210119 17:20:29.474" endtime="20210119 17:20:29.747"></status>
</kw>
<kw name="Set Selenium Implicit Wait" library="SeleniumLibrary">
<doc>Sets the implicit wait value used by Selenium.</doc>
<arguments>
<arg>30s</arg>
</arguments>
<status status="PASS" starttime="20210119 17:20:29.748" endtime="20210119 17:20:29.763"></status>
</kw>
<kw name="Open Browser" library="SeleniumLibrary">
<doc>Opens a new browser instance to the optional ``url``.</doc>
<arguments>
<arg>${URL}</arg>
</arguments>
<msg timestamp="20210119 17:20:29.765" level="INFO">Opening browser 'firefox' to base url 'http://demo.openemr.io/b/openemr/interface/login/login.php?site=default'.</msg>
<msg timestamp="20210119 17:20:29.767" level="INFO">Firefox driver log is always forced to to: C:\robot\OpenEmrproject\geckodriver-6.log</msg>
<status status="PASS" starttime="20210119 17:20:29.764" endtime="20210119 17:20:44.569"></status>
</kw>
<status status="PASS" starttime="20210119 17:20:20.007" endtime="20210119 17:20:44.569"></status>
</kw>
<kw name="verify_invalid_credentials_Template">
<arguments>
<arg>accountant</arg>
<arg>accountant</arg>
<arg>English(Indian)</arg>
<arg>Invalid username or password</arg>
</arguments>
<msg timestamp="20210119 17:20:44.577" level="FAIL">No keyword with name 'verify_invalid_credentials_Template' found.</msg>
<status status="FAIL" starttime="20210119 17:20:44.575" endtime="20210119 17:20:44.578"></status>
</kw>
<kw name="End Browser" library="common_functionality" type="teardown">
<kw name="Close Browser" library="SeleniumLibrary">
<doc>Closes the current browser.</doc>
<status status="PASS" starttime="20210119 17:20:44.580" endtime="20210119 17:20:46.341"></status>
</kw>
<status status="PASS" starttime="20210119 17:20:44.579" endtime="20210119 17:20:46.342"></status>
</kw>
<status status="FAIL" starttime="20210119 17:20:20.007" endtime="20210119 17:20:46.342" critical="yes">No keyword with name 'verify_invalid_credentials_Template' found.</status>
</test>
<test id="s1-s1-s1-t4" name="TC1">
<status status="FAIL" starttime="20210119 17:20:46.344" endtime="20210119 17:20:46.345" critical="yes">Test case contains no keywords.</status>
</test>
<test id="s1-s1-s1-t5" name="verify_invalid_credentials_Template">
<kw name="Launch Browser" library="common_functionality" type="setup">
<kw name="Log To Console" library="BuiltIn">
<doc>Logs the given message to the console.</doc>
<arguments>
<arg>${OUTPUT_DIR}${/}driver</arg>
</arguments>
<status status="PASS" starttime="20210119 17:20:46.348" endtime="20210119 17:20:46.349"></status>
</kw>
<kw name="Append To Environment Variable" library="OperatingSystem">
<doc>Appends given ``values`` to environment variable ``name``.</doc>
<arguments>
<arg>Path</arg>
<arg>${OUTPUT_DIR}${/}driver</arg>
</arguments>
<msg timestamp="20210119 17:20:46.350" level="INFO">Environment variable 'Path' set to value 'C:/Users/CTEA/.p2/pool/plugins/org.eclipse.justj.openjdk.hotspot.jre.full.win32.x86_64_15.0.1.v20201027-0507/jre/bin/server;C:/Users/CTEA/.p2/pool/plugins/org.eclipse.justj.openjdk.hotspot.jre.full.win32.x86_64_15.0.1.v20201027-0507/jre/bin;C:\Program Files (x86)\Common Files\Oracle\Java\javapath;C:\WINDOWS\system32;C:\WINDOWS;C:\WINDOWS\System32\Wbem;C:\WINDOWS\System32\WindowsPowerShell\v1.0\;C:\WINDOWS\System32\OpenSSH\;C:\Program Files\Git\cmd;C:\Program Files (x86)\Groovy\bin;C:\python\Scripts\;C:\python\;C:\Users\CTEA\AppData\Local\Programs\Microsoft VS Code\bin;C:\Users\CTEA\AppData\Local\Microsoft\WindowsApps;C:\xampp\mysql\bin;C:\Program Files\Java\jdk1.8.0_271\bin;C:\Program Files\Java\jre1.8.0_271\bin;C:\Program Files (x86)\Groovy\bin;;C:\WINDOWS\system32;;C:\robot\OpenEmrproject\driver;C:\robot\OpenEmrproject\driver;C:\robot\OpenEmrproject\driver;C:\robot\OpenEmrproject\driver'.</msg>
<status status="PASS" starttime="20210119 17:20:46.349" endtime="20210119 17:20:46.350"></status>
</kw>
<kw name="Open Browser" library="SeleniumLibrary">
<doc>Opens a new browser instance to the optional ``url``.</doc>
<arguments>
<arg>browser=${BrOWSER_NAME}</arg>
</arguments>
<msg timestamp="20210119 17:20:46.351" level="INFO">Opening browser 'ff' to base url 'None'.</msg>
<msg timestamp="20210119 17:20:46.353" level="INFO">Firefox driver log is always forced to to: C:\robot\OpenEmrproject\geckodriver-7.log</msg>
<status status="PASS" starttime="20210119 17:20:46.350" endtime="20210119 17:20:54.829"></status>
</kw>
<kw name="Maximize Browser Window" library="SeleniumLibrary">
<doc>Maximizes current browser window.</doc>
<status status="PASS" starttime="20210119 17:20:54.830" endtime="20210119 17:20:55.163"></status>
</kw>
<kw name="Set Selenium Implicit Wait" library="SeleniumLibrary">
<doc>Sets the implicit wait value used by Selenium.</doc>
<arguments>
<arg>30s</arg>
</arguments>
<kw name="Capture Page Screenshot" library="SeleniumLibrary">
<doc>Takes a screenshot of the current page and embeds it into a log file.</doc>
<msg timestamp="20210119 17:20:57.239" level="INFO" html="yes">&lt;/td&gt;&lt;/tr&gt;&lt;tr&gt;&lt;td colspan="3"&gt;&lt;a href="selenium-screenshot-1.png"&gt;&lt;img src="selenium-screenshot-1.png" width="800px"&gt;&lt;/a&gt;</msg>
<status status="PASS" starttime="20210119 17:20:57.033" endtime="20210119 17:20:57.240"></status>
</kw>
<msg timestamp="20210119 17:20:57.302" level="FAIL">WebDriverException: Message: Failed to decode response from marionette
</msg>
<status status="FAIL" starttime="20210119 17:20:55.165" endtime="20210119 17:20:57.302"></status>
</kw>
<status status="FAIL" starttime="20210119 17:20:46.347" endtime="20210119 17:20:57.303"></status>
</kw>
<kw name="End Browser" library="common_functionality" type="teardown">
<kw name="Close Browser" library="SeleniumLibrary">
<doc>Closes the current browser.</doc>
<status status="PASS" starttime="20210119 17:20:57.305" endtime="20210119 17:20:59.179"></status>
</kw>
<status status="PASS" starttime="20210119 17:20:57.304" endtime="20210119 17:20:59.180"></status>
</kw>
<status status="FAIL" starttime="20210119 17:20:46.346" endtime="20210119 17:20:59.181" critical="yes">Setup failed:
WebDriverException: Message: Failed to decode response from marionette
</status>
</test>
<status status="FAIL" starttime="20210119 17:18:55.834" endtime="20210119 17:20:59.183"></status>
</suite>
<status status="FAIL" starttime="20210119 17:18:55.829" endtime="20210119 17:20:59.191"></status>
</suite>
<status status="FAIL" starttime="20210119 17:18:55.633" endtime="20210119 17:20:59.197"></status>
</suite>
<statistics>
<total>
<stat pass="0" fail="5">Critical Tests</stat>
<stat pass="0" fail="5">All Tests</stat>
</total>
<tag>
</tag>
<suite>
<stat pass="0" fail="5" id="s1" name="OpenEmrproject">OpenEmrproject</stat>
<stat pass="0" fail="5" id="s1-s1" name="Login Suite">OpenEmrproject.Login Suite</stat>
<stat pass="0" fail="5" id="s1-s1-s1" name="Verify Invalid Credentials">OpenEmrproject.Login Suite.Verify Invalid Credentials</stat>
</suite>
</statistics>
<errors>
<msg timestamp="20210119 17:18:55.479" level="ERROR">Error in file 'C:\robot\OpenEmrproject\login_suite\verify_invalid_credentials.robot' on line 19: Non-existing setting 'Arguments'.</msg>
<msg timestamp="20210119 17:19:05.278" level="ERROR">Calling method '_start_suite' of listener 'DataDriver' failed: ImportError: Missing optional dependency 'xlrd'. Install xlrd &gt;= 1.0.0 for Excel support Use pip or conda to install xlrd.</msg>
<msg timestamp="20210119 17:20:46.344" level="WARN">Multiple test cases with name 'TC1' executed in test suite 'OpenEmrproject.Login Suite.Verify Invalid Credentials'.</msg>
</errors>
</robot>
